<?xml version="1.0" encoding="UTF-8"?>
<testsuite xmlns:xsi="http://www.w3.org/2001/XMLSchema-instance" xsi:noNamespaceSchemaLocation="https://maven.apache.org/surefire/maven-surefire-plugin/xsd/surefire-test-report-3.0.xsd" version="3.0" name="stage5.edu.yu.cs.com1320.project.stage5.impl.DocumentStoreImplTest" time="0.139" tests="26" errors="0" skipped="0" failures="3">
  <properties>
    <property name="java.specification.version" value="17"/>
    <property name="sun.jnu.encoding" value="UTF-8"/>
    <property name="java.class.path" value="/Users/josephborodach/Borodach_Joseph_2015277808/DataStructures/project/stage5/target/test-classes:/Users/josephborodach/Borodach_Joseph_2015277808/DataStructures/project/stage5/target/classes:/Users/josephborodach/.m2/repository/org/junit/jupiter/junit-jupiter-api/5.7.1/junit-jupiter-api-5.7.1.jar:/Users/josephborodach/.m2/repository/org/apiguardian/apiguardian-api/1.1.0/apiguardian-api-1.1.0.jar:/Users/josephborodach/.m2/repository/org/opentest4j/opentest4j/1.2.0/opentest4j-1.2.0.jar:/Users/josephborodach/.m2/repository/org/junit/platform/junit-platform-commons/1.7.1/junit-platform-commons-1.7.1.jar:/Users/josephborodach/.m2/repository/com/google/code/gson/gson/2.8.6/gson-2.8.6.jar:"/>
    <property name="java.vm.vendor" value="Homebrew"/>
    <property name="sun.arch.data.model" value="64"/>
    <property name="java.vendor.url" value="https://github.com/Homebrew/homebrew-core/issues"/>
    <property name="os.name" value="Mac OS X"/>
    <property name="java.vm.specification.version" value="17"/>
    <property name="sun.java.launcher" value="SUN_STANDARD"/>
    <property name="user.country" value="US"/>
    <property name="sun.boot.library.path" value="/usr/local/Cellar/openjdk/17.0.1/libexec/openjdk.jdk/Contents/Home/lib"/>
    <property name="sun.java.command" value="/Users/josephborodach/Borodach_Joseph_2015277808/DataStructures/project/stage5/target/surefire/surefirebooter16130452547136321400.jar /Users/josephborodach/Borodach_Joseph_2015277808/DataStructures/project/stage5/target/surefire 2022-06-07T13-19-28_155-jvmRun1 surefire7590124959252830837tmp surefire_02387272124654781192tmp"/>
    <property name="http.nonProxyHosts" value="local|*.local|169.254/16|*.169.254/16"/>
    <property name="jdk.debug" value="release"/>
    <property name="surefire.test.class.path" value="/Users/josephborodach/Borodach_Joseph_2015277808/DataStructures/project/stage5/target/test-classes:/Users/josephborodach/Borodach_Joseph_2015277808/DataStructures/project/stage5/target/classes:/Users/josephborodach/.m2/repository/org/junit/jupiter/junit-jupiter-api/5.7.1/junit-jupiter-api-5.7.1.jar:/Users/josephborodach/.m2/repository/org/apiguardian/apiguardian-api/1.1.0/apiguardian-api-1.1.0.jar:/Users/josephborodach/.m2/repository/org/opentest4j/opentest4j/1.2.0/opentest4j-1.2.0.jar:/Users/josephborodach/.m2/repository/org/junit/platform/junit-platform-commons/1.7.1/junit-platform-commons-1.7.1.jar:/Users/josephborodach/.m2/repository/com/google/code/gson/gson/2.8.6/gson-2.8.6.jar:"/>
    <property name="sun.cpu.endian" value="little"/>
    <property name="user.home" value="/Users/josephborodach"/>
    <property name="user.language" value="en"/>
    <property name="java.specification.vendor" value="Oracle Corporation"/>
    <property name="java.version.date" value="2021-10-19"/>
    <property name="java.home" value="/usr/local/Cellar/openjdk/17.0.1/libexec/openjdk.jdk/Contents/Home"/>
    <property name="file.separator" value="/"/>
    <property name="basedir" value="/Users/josephborodach/Borodach_Joseph_2015277808/DataStructures/project/stage5"/>
    <property name="java.vm.compressedOopsMode" value="Zero based"/>
    <property name="line.separator" value="&#10;"/>
    <property name="java.specification.name" value="Java Platform API Specification"/>
    <property name="java.vm.specification.vendor" value="Oracle Corporation"/>
    <property name="surefire.real.class.path" value="/Users/josephborodach/Borodach_Joseph_2015277808/DataStructures/project/stage5/target/surefire/surefirebooter16130452547136321400.jar"/>
    <property name="sun.management.compiler" value="HotSpot 64-Bit Tiered Compilers"/>
    <property name="ftp.nonProxyHosts" value="local|*.local|169.254/16|*.169.254/16"/>
    <property name="java.runtime.version" value="17.0.1+0"/>
    <property name="user.name" value="josephborodach"/>
    <property name="path.separator" value=":"/>
    <property name="os.version" value="11.4"/>
    <property name="java.runtime.name" value="OpenJDK Runtime Environment"/>
    <property name="file.encoding" value="UTF-8"/>
    <property name="java.vm.name" value="OpenJDK 64-Bit Server VM"/>
    <property name="java.vendor.version" value="Homebrew"/>
    <property name="localRepository" value="/Users/josephborodach/.m2/repository"/>
    <property name="java.vendor.url.bug" value="https://github.com/Homebrew/homebrew-core/issues"/>
    <property name="java.io.tmpdir" value="/var/folders/_t/52clcbsx22x2j8kwx0kcwpvm0000gn/T/"/>
    <property name="java.version" value="17.0.1"/>
    <property name="user.dir" value="/Users/josephborodach/Borodach_Joseph_2015277808/DataStructures/project/stage5"/>
    <property name="os.arch" value="x86_64"/>
    <property name="java.vm.specification.name" value="Java Virtual Machine Specification"/>
    <property name="native.encoding" value="UTF-8"/>
    <property name="java.library.path" value="/Users/josephborodach/Library/Java/Extensions:/Library/Java/Extensions:/Network/Library/Java/Extensions:/System/Library/Java/Extensions:/usr/lib/java:."/>
    <property name="java.vm.info" value="mixed mode, sharing"/>
    <property name="java.vendor" value="Homebrew"/>
    <property name="java.vm.version" value="17.0.1+0"/>
    <property name="sun.io.unicode.encoding" value="UnicodeBig"/>
    <property name="socksNonProxyHosts" value="local|*.local|169.254/16|*.169.254/16"/>
    <property name="java.class.version" value="61.0"/>
  </properties>
  <testcase name="stage3DeleteAllWithPrefix" classname="stage5.edu.yu.cs.com1320.project.stage5.impl.DocumentStoreImplTest" time="0.027"/>
  <testcase name="stage3SearchTxtByPrefix" classname="stage5.edu.yu.cs.com1320.project.stage5.impl.DocumentStoreImplTest" time="0.009"/>
  <testcase name="testPutNewVersionOfDocumentBinary" classname="stage5.edu.yu.cs.com1320.project.stage5.impl.DocumentStoreImplTest" time="0.002"/>
  <testcase name="stage4testUpdateDocLastUseTimeOnSearch" classname="stage5.edu.yu.cs.com1320.project.stage5.impl.DocumentStoreImplTest" time="0.007"/>
  <testcase name="stage5PushToDiskViaMaxDocCount" classname="stage5.edu.yu.cs.com1320.project.stage5.impl.DocumentStoreImplTest" time="0.016">
    <failure type="org.opentest4j.AssertionFailedError"><![CDATA[org.opentest4j.AssertionFailedError: doc1 should've been on disk, but was not: contents were null ==> expected: not <null>
	at stage5.edu.yu.cs.com1320.project.stage5.impl.DocumentStoreImplTest.checkContents(DocumentStoreImplTest.java:109)
	at stage5.edu.yu.cs.com1320.project.stage5.impl.DocumentStoreImplTest.pushAboveMaxViaPutNew(DocumentStoreImplTest.java:135)
	at stage5.edu.yu.cs.com1320.project.stage5.impl.DocumentStoreImplTest.stage5PushToDiskViaMaxDocCount(DocumentStoreImplTest.java:122)
]]></failure>
    <system-err><![CDATA[TestUtils.uriToFile file path: /var/folders/_t/52clcbsx22x2j8kwx0kcwpvm0000gn/T/stage54206670810664909359/edu.yu.cs/com1320/project/doc1.json
TestUtils.getContents file path: /var/folders/_t/52clcbsx22x2j8kwx0kcwpvm0000gn/T/stage54206670810664909359/edu.yu.cs/com1320/project/doc1.json
]]></system-err>
  </testcase>
  <testcase name="stage4testUpdateDocLastUseTimeOnSearchByPrefix" classname="stage5.edu.yu.cs.com1320.project.stage5.impl.DocumentStoreImplTest" time="0.004"/>
  <testcase name="testPutBinaryDocumentNoPreviousDocAtURI" classname="stage5.edu.yu.cs.com1320.project.stage5.impl.DocumentStoreImplTest" time="0.001"/>
  <testcase name="testGetBinaryDocAsBinary" classname="stage5.edu.yu.cs.com1320.project.stage5.impl.DocumentStoreImplTest" time="0.001"/>
  <testcase name="stage3DeleteAllTxt" classname="stage5.edu.yu.cs.com1320.project.stage5.impl.DocumentStoreImplTest" time="0.003"/>
  <testcase name="testPutNewVersionOfDocumentTxt" classname="stage5.edu.yu.cs.com1320.project.stage5.impl.DocumentStoreImplTest" time="0.003"/>
  <testcase name="stage3SearchBinaryByPrefix" classname="stage5.edu.yu.cs.com1320.project.stage5.impl.DocumentStoreImplTest" time="0.004"/>
  <testcase name="stage3SearchBinary" classname="stage5.edu.yu.cs.com1320.project.stage5.impl.DocumentStoreImplTest" time="0.005"/>
  <testcase name="stage4testUpdateDocLastUseTimeOnOverwrite" classname="stage5.edu.yu.cs.com1320.project.stage5.impl.DocumentStoreImplTest" time="0.002"/>
  <testcase name="testDeleteDoc" classname="stage5.edu.yu.cs.com1320.project.stage5.impl.DocumentStoreImplTest" time="0.004"/>
  <testcase name="stage5PushToDiskViaMaxDocCountBringBackInViaDeleteAndSearch" classname="stage5.edu.yu.cs.com1320.project.stage5.impl.DocumentStoreImplTest" time="0.004">
    <failure type="org.opentest4j.AssertionFailedError"><![CDATA[org.opentest4j.AssertionFailedError: doc1 should've been on disk, but was not: contents were null ==> expected: not <null>
	at stage5.edu.yu.cs.com1320.project.stage5.impl.DocumentStoreImplTest.checkContents(DocumentStoreImplTest.java:109)
	at stage5.edu.yu.cs.com1320.project.stage5.impl.DocumentStoreImplTest.deleteDocInMemoryBringInDocFromDisk(DocumentStoreImplTest.java:193)
	at stage5.edu.yu.cs.com1320.project.stage5.impl.DocumentStoreImplTest.stage5PushToDiskViaMaxDocCountBringBackInViaDeleteAndSearch(DocumentStoreImplTest.java:169)
]]></failure>
    <system-err><![CDATA[TestUtils.uriToFile file path: /var/folders/_t/52clcbsx22x2j8kwx0kcwpvm0000gn/T/stage514823976233521095520/edu.yu.cs/com1320/project/doc1.json
TestUtils.getContents file path: /var/folders/_t/52clcbsx22x2j8kwx0kcwpvm0000gn/T/stage514823976233521095520/edu.yu.cs/com1320/project/doc1.json
]]></system-err>
  </testcase>
  <testcase name="testDeleteDocReturnValue" classname="stage5.edu.yu.cs.com1320.project.stage5.impl.DocumentStoreImplTest" time="0.003"/>
  <testcase name="stage3DeleteAllBinary" classname="stage5.edu.yu.cs.com1320.project.stage5.impl.DocumentStoreImplTest" time="0.003"/>
  <testcase name="stage5PushToDiskViaMaxDocCountViaUndoDelete" classname="stage5.edu.yu.cs.com1320.project.stage5.impl.DocumentStoreImplTest" time="0.007">
    <failure type="org.opentest4j.AssertionFailedError"><![CDATA[org.opentest4j.AssertionFailedError: doc1 should've been written out to disk, but was not: contents were null ==> expected: not <null>
	at stage5.edu.yu.cs.com1320.project.stage5.impl.DocumentStoreImplTest.checkContents(DocumentStoreImplTest.java:109)
	at stage5.edu.yu.cs.com1320.project.stage5.impl.DocumentStoreImplTest.overLimitViaUndo(DocumentStoreImplTest.java:240)
	at stage5.edu.yu.cs.com1320.project.stage5.impl.DocumentStoreImplTest.stage5PushToDiskViaMaxDocCountViaUndoDelete(DocumentStoreImplTest.java:219)
]]></failure>
    <system-err><![CDATA[TestUtils.uriToFile file path: /var/folders/_t/52clcbsx22x2j8kwx0kcwpvm0000gn/T/stage516071434199470883972/edu.yu.cs/com1320/project/doc1.json
TestUtils.getContents file path: /var/folders/_t/52clcbsx22x2j8kwx0kcwpvm0000gn/T/stage516071434199470883972/edu.yu.cs/com1320/project/doc1.json
]]></system-err>
  </testcase>
  <testcase name="stage3Search" classname="stage5.edu.yu.cs.com1320.project.stage5.impl.DocumentStoreImplTest" time="0.01"/>
  <testcase name="testPutTxtDocumentNoPreviousDocAtURI" classname="stage5.edu.yu.cs.com1320.project.stage5.impl.DocumentStoreImplTest" time="0.002"/>
  <testcase name="testGetTxtDoc" classname="stage5.edu.yu.cs.com1320.project.stage5.impl.DocumentStoreImplTest" time="0.001"/>
  <testcase name="stage4testSetDocLastUseTimeOnGet" classname="stage5.edu.yu.cs.com1320.project.stage5.impl.DocumentStoreImplTest" time="0"/>
  <testcase name="stage4testSetDocLastUseTimeOnPut" classname="stage5.edu.yu.cs.com1320.project.stage5.impl.DocumentStoreImplTest" time="0.001"/>
  <testcase name="testGetTxtDocAsBinary" classname="stage5.edu.yu.cs.com1320.project.stage5.impl.DocumentStoreImplTest" time="0.002"/>
  <testcase name="testPutDocumentWithNullArguments" classname="stage5.edu.yu.cs.com1320.project.stage5.impl.DocumentStoreImplTest" time="0.001"/>
  <testcase name="testGetBinaryDocAsTxt" classname="stage5.edu.yu.cs.com1320.project.stage5.impl.DocumentStoreImplTest" time="0.001"/>
</testsuite>